<?xml version="1.0" encoding="UTF-8"?>
<testsuites>
  <testsuite name="Performing_a_login" timestamp="2019-10-08T23:01:14" time="6.069" tests="0" failures="0" errors="0" skipped="0">
    <properties>
      <property name="specId" value="0"/>
      <property name="suiteName" value="Performing a login"/>
      <property name="capabilities" value="chrome.77_0_3865_90.macosx"/>
      <property name="file" value="./test/features/ta-login.feature"/>
    </properties>
  </testsuite>
  <testsuite name="Performing_login_operation_with_passing_test_data_as_data_table" timestamp="2019-10-08T23:01:14" time="5.993" tests="3" failures="0" errors="1" skipped="1">
    <properties>
      <property name="specId" value="0"/>
      <property name="suiteName" value="Performing login operation with passing test data as data table"/>
      <property name="capabilities" value="chrome.77_0_3865_90.macosx"/>
      <property name="file" value="./test/features/ta-login.feature"/>
    </properties>
    <testcase classname="chrome.77_0_3865_90.macosx.Performing_login_operation_with_passing_test_data_as_data_table" name="Given_I_am_on_the_phptravels_page" time="4.99"/>
    <testcase classname="chrome.77_0_3865_90.macosx.Performing_login_operation_with_passing_test_data_as_data_table" name="When_I_login_with_username_and_password_user_phptravels_com_demouser_into_the_text_box" time="0.987">
      <error message="unknown error: Element &lt;button style=&quot;font-size: 16px;&quot; type=&quot;submit&quot; class=&quot;btn btn-action btn-lg btn-block loginbtn&quot;>...&lt;/button> is not clickable at point (639, 587). Other element would receive the click: &lt;span id=&quot;cookieconsent:desc&quot; class=&quot;cc-message&quot;>...&lt;/span>&#xA;  (Session info: chrome=77.0.3865.90)&#xA;  (Driver info: chromedriver=2.43.600229 (3fae4d0cda5334b4f533bede5a4787f7b832d052),platform=Mac OS X 10.13.4 x86_64)"/>
      <system-err>
        <![CDATA[
Error: unknown error: Element <button style="font-size: 16px;" type="submit" class="btn btn-action btn-lg btn-block loginbtn">...</button> is not clickable at point (639, 587). Other element would receive the click: <span id="cookieconsent:desc" class="cc-message">...</span>
  (Session info: chrome=77.0.3865.90)
  (Driver info: chromedriver=2.43.600229 (3fae4d0cda5334b4f533bede5a4787f7b832d052),platform=Mac OS X 10.13.4 x86_64)
    at endReadableNT (_stream_readable.js:1055:12)
    at LoginPage.click (/Users/amiyapattanaik/Desktop/automation/framework/javascript/ui-automation/webdriverIO-with-cucumberBDD/test/pageobjects/ta-login.page.js:36:24)
    at World.login (/Users/amiyapattanaik/Desktop/automation/framework/javascript/ui-automation/webdriverIO-with-cucumberBDD/test/stepDefinitions/when.js:20:15)
]]>
      </system-err>
    </testcase>
    <testcase classname="chrome.77_0_3865_90.macosx.Performing_login_operation_with_passing_test_data_as_data_table" name="Then_I_should_see_the_message_Hi_Demo_User_on_my_account_page" time="0">
      <skipped/>
    </testcase>
  </testsuite>
</testsuites>