<?xml version="1.0" encoding="UTF-8"?>
<testsuites>
  <testsuite name="Performing_a_login" timestamp="2019-11-11T21:05:58" time="18.559" tests="0" failures="0" errors="0" skipped="0">
    <properties>
      <property name="specId" value="0"/>
      <property name="suiteName" value="Performing a login"/>
      <property name="capabilities" value="chrome.78_0_3904_97.linux"/>
      <property name="file" value="./test/features/ta-login.feature"/>
    </properties>
  </testsuite>
  <testsuite name="Performing_login_operation_with_passing_test_data_as_data_table" timestamp="2019-11-11T21:05:58" time="18.544" tests="3" failures="0" errors="0" skipped="0">
    <properties>
      <property name="specId" value="0"/>
      <property name="suiteName" value="Performing login operation with passing test data as data table"/>
      <property name="capabilities" value="chrome.78_0_3904_97.linux"/>
      <property name="file" value="./test/features/ta-login.feature"/>
    </properties>
    <testcase classname="chrome.78_0_3904_97.linux.Performing_login_operation_with_passing_test_data_as_data_table" name="Given_I_am_on_the_phptravels_page" time="11.608"/>
    <testcase classname="chrome.78_0_3904_97.linux.Performing_login_operation_with_passing_test_data_as_data_table" name="When_I_login_with_username_and_password_user_phptravels_com_demouser_into_the_text_box" time="0.295"/>
    <testcase classname="chrome.78_0_3904_97.linux.Performing_login_operation_with_passing_test_data_as_data_table" name="Then_I_should_see_the_message_Hi_Demo_User_on_my_account_page" time="6.636"/>
  </testsuite>
</testsuites>